# JRE version: OpenJDK Runtime Environment (8.0_292-b10) (build 1.8.0_292-8u292-b10-0ubuntu1~18.04-b10)
# Java VM: OpenJDK 64-Bit Server VM (25.292-b10 mixed mode linux-amd64 compressed oops)
Heap:
 PSYoungGen      total 4314112K, used 1234403K [0x00000005c0000000, 0x000000071a500000, 0x00000007c0000000)
  eden space 3079680K, 0% used [0x00000005c0000000,0x00000005c0000000,0x000000067bf80000)
  from space 1234432K, 99% used [0x00000006cef80000,0x000000071a4f8db0,0x000000071a500000)
  to   space 984064K, 0% used [0x000000067bf80000,0x000000067bf80000,0x00000006b8080000)
 ParOldGen       total 8150528K, used 8146847K [0x00000001c0000000, 0x00000003b1780000, 0x00000005c0000000)
  object space 8150528K, 99% used [0x00000001c0000000,0x00000003b13e7d90,0x00000003b1780000)
 Metaspace       used 41897K, capacity 42780K, committed 43096K, reserved 1087488K
  class space    used 4950K, capacity 5144K, committed 5248K, reserved 1048576K
GC Heap History (10 events):
Event: 575.885 GC heap after
Heap after GC invocations=78 (full 9):
 PSYoungGen      total 3991552K, used 335650K [0x00000005c0000000, 0x00000006f4f00000, 0x00000007c0000000)
  eden space 2900480K, 0% used [0x00000005c0000000,0x00000005c0000000,0x0000000671080000)
  from space 1091072K, 30% used [0x0000000671080000,0x0000000685848ae0,0x00000006b3a00000)
  to   space 1016832K, 0% used [0x00000006b6e00000,0x00000006b6e00000,0x00000006f4f00000)
 ParOldGen       total 7924736K, used 7289896K [0x00000001c0000000, 0x00000003a3b00000, 0x00000005c0000000)
  object space 7924736K, 91% used [0x00000001c0000000,0x000000037cf0a258,0x00000003a3b00000)
 Metaspace       used 41689K, capacity 42576K, committed 42840K, reserved 1087488K
  class space    used 4948K, capacity 5142K, committed 5248K, reserved 1048576K
}
Event: 581.198 GC heap before
{Heap before GC invocations=79 (full 9):
 PSYoungGen      total 3991552K, used 3236130K [0x00000005c0000000, 0x00000006f4f00000, 0x00000007c0000000)
  eden space 2900480K, 100% used [0x00000005c0000000,0x0000000671080000,0x0000000671080000)
  from space 1091072K, 30% used [0x0000000671080000,0x0000000685848ae0,0x00000006b3a00000)
  to   space 1016832K, 0% used [0x00000006b6e00000,0x00000006b6e00000,0x00000006f4f00000)
 ParOldGen       total 7924736K, used 7291397K [0x00000001c0000000, 0x00000003a3b00000, 0x00000005c0000000)
  object space 7924736K, 92% used [0x00000001c0000000,0x000000037d081490,0x00000003a3b00000)
 Metaspace       used 41745K, capacity 42640K, committed 43096K, reserved 1087488K
  class space    used 4948K, capacity 5142K, committed 5248K, reserved 1048576K
Event: 581.511 GC heap after
Heap after GC invocations=79 (full 9):
 PSYoungGen      total 3912704K, used 347782K [0x00000005c0000000, 0x00000006ed180000, 0x00000007c0000000)
  eden space 3024384K, 0% used [0x00000005c0000000,0x00000005c0000000,0x0000000678980000)
  from space 888320K, 39% used [0x00000006b6e00000,0x00000006cc1a1b08,0x00000006ed180000)
  to   space 954368K, 0% used [0x0000000678980000,0x0000000678980000,0x00000006b2d80000)
 ParOldGen       total 7924736K, used 7306696K [0x00000001c0000000, 0x00000003a3b00000, 0x00000005c0000000)
  object space 7924736K, 92% used [0x00000001c0000000,0x000000037df72018,0x00000003a3b00000)
 Metaspace       used 41745K, capacity 42640K, committed 43096K, reserved 1087488K
  class space    used 4948K, capacity 5142K, committed 5248K, reserved 1048576K
}
Event: 589.853 GC heap before
{Heap before GC invocations=80 (full 9):
 PSYoungGen      total 3912704K, used 3372166K [0x00000005c0000000, 0x00000006ed180000, 0x00000007c0000000)
  eden space 3024384K, 100% used [0x00000005c0000000,0x0000000678980000,0x0000000678980000)
  from space 888320K, 39% used [0x00000006b6e00000,0x00000006cc1a1b08,0x00000006ed180000)
  to   space 954368K, 0% used [0x0000000678980000,0x0000000678980000,0x00000006b2d80000)
 ParOldGen       total 7924736K, used 7306696K [0x00000001c0000000, 0x00000003a3b00000, 0x00000005c0000000)
  object space 7924736K, 92% used [0x00000001c0000000,0x000000037df72018,0x00000003a3b00000)
 Metaspace       used 41793K, capacity 42704K, committed 43096K, reserved 1087488K
  class space    used 4949K, capacity 5142K, committed 5248K, reserved 1048576K
Event: 590.146 GC heap after
Heap after GC invocations=80 (full 9):
 PSYoungGen      total 3978752K, used 411946K [0x00000005c0000000, 0x00000006f0480000, 0x00000007c0000000)
  eden space 3024384K, 0% used [0x00000005c0000000,0x00000005c0000000,0x0000000678980000)
  from space 954368K, 43% used [0x0000000678980000,0x0000000691bca9f8,0x00000006b2d80000)
  to   space 921600K, 0% used [0x00000006b8080000,0x00000006b8080000,0x00000006f0480000)
 ParOldGen       total 7924736K, used 7320915K [0x00000001c0000000, 0x00000003a3b00000, 0x00000005c0000000)
  object space 7924736K, 92% used [0x00000001c0000000,0x000000037ed54e98,0x00000003a3b00000)
 Metaspace       used 41793K, capacity 42704K, committed 43096K, reserved 1087488K
  class space    used 4949K, capacity 5142K, committed 5248K, reserved 1048576K
}
Event: 1092.544 GC heap before
{Heap before GC invocations=81 (full 9):
 PSYoungGen      total 3978752K, used 3436330K [0x00000005c0000000, 0x00000006f0480000, 0x00000007c0000000)
  eden space 3024384K, 100% used [0x00000005c0000000,0x0000000678980000,0x0000000678980000)
  from space 954368K, 43% used [0x0000000678980000,0x0000000691bca9f8,0x00000006b2d80000)
  to   space 921600K, 0% used [0x00000006b8080000,0x00000006b8080000,0x00000006f0480000)
 ParOldGen       total 7924736K, used 7320915K [0x00000001c0000000, 0x00000003a3b00000, 0x00000005c0000000)
  object space 7924736K, 92% used [0x00000001c0000000,0x000000037ed54e98,0x00000003a3b00000)
 Metaspace       used 41865K, capacity 42716K, committed 43096K, reserved 1087488K
  class space    used 4950K, capacity 5144K, committed 5248K, reserved 1048576K
Event: 1093.039 GC heap after
Heap after GC invocations=81 (full 9):
 PSYoungGen      total 4001280K, used 666296K [0x00000005c0000000, 0x00000006f6680000, 0x00000007c0000000)
  eden space 3079680K, 0% used [0x00000005c0000000,0x00000005c0000000,0x000000067bf80000)
  from space 921600K, 72% used [0x00000006b8080000,0x00000006e0b2e078,0x00000006f0480000)
  to   space 984064K, 0% used [0x000000067bf80000,0x000000067bf80000,0x00000006b8080000)
 ParOldGen       total 7924736K, used 7335781K [0x00000001c0000000, 0x00000003a3b00000, 0x00000005c0000000)
  object space 7924736K, 92% used [0x00000001c0000000,0x000000037fbd9768,0x00000003a3b00000)
 Metaspace       used 41865K, capacity 42716K, committed 43096K, reserved 1087488K
  class space    used 4950K, capacity 5144K, committed 5248K, reserved 1048576K
}
Event: 1101.707 GC heap before
{Heap before GC invocations=82 (full 9):
 PSYoungGen      total 4001280K, used 3745976K [0x00000005c0000000, 0x00000006f6680000, 0x00000007c0000000)
  eden space 3079680K, 100% used [0x00000005c0000000,0x000000067bf80000,0x000000067bf80000)
  from space 921600K, 72% used [0x00000006b8080000,0x00000006e0b2e078,0x00000006f0480000)
  to   space 984064K, 0% used [0x000000067bf80000,0x000000067bf80000,0x00000006b8080000)
 ParOldGen       total 7924736K, used 7335781K [0x00000001c0000000, 0x00000003a3b00000, 0x00000005c0000000)
  object space 7924736K, 92% used [0x00000001c0000000,0x000000037fbd9768,0x00000003a3b00000)
 Metaspace       used 41872K, capacity 42716K, committed 43096K, reserved 1087488K
  class space    used 4950K, capacity 5144K, committed 5248K, reserved 1048576K
Event: 1102.732 GC heap after
Heap after GC invocations=82 (full 9):
 PSYoungGen      total 4063744K, used 984055K [0x00000005c0000000, 0x000000071a500000, 0x00000007c0000000)
  eden space 3079680K, 0% used [0x00000005c0000000,0x00000005c0000000,0x000000067bf80000)
  from space 984064K, 99% used [0x000000067bf80000,0x00000006b807dca0,0x00000006b8080000)
  to   space 1234432K, 0% used [0x00000006cef80000,0x00000006cef80000,0x000000071a500000)
 ParOldGen       total 7924736K, used 7566957K [0x00000001c0000000, 0x00000003a3b00000, 0x00000005c0000000)
  object space 7924736K, 95% used [0x00000001c0000000,0x000000038dd9b6c8,0x00000003a3b00000)
 Metaspace       used 41872K, capacity 42716K, committed 43096K, reserved 1087488K
  class space    used 4950K, capacity 5144K, committed 5248K, reserved 1048576K
}
Event: 1115.056 GC heap before
{Heap before GC invocations=83 (full 9):
 PSYoungGen      total 4063744K, used 4063735K [0x00000005c0000000, 0x000000071a500000, 0x00000007c0000000)
  eden space 3079680K, 100% used [0x00000005c0000000,0x000000067bf80000,0x000000067bf80000)
  from space 984064K, 99% used [0x000000067bf80000,0x00000006b807dca0,0x00000006b8080000)
  to   space 1234432K, 0% used [0x00000006cef80000,0x00000006cef80000,0x000000071a500000)
 ParOldGen       total 7924736K, used 7566957K [0x00000001c0000000, 0x00000003a3b00000, 0x00000005c0000000)
  object space 7924736K, 95% used [0x00000001c0000000,0x000000038dd9b6c8,0x00000003a3b00000)
 Metaspace       used 41897K, capacity 42780K, committed 43096K, reserved 1087488K
  class space    used 4950K, capacity 5144K, committed 5248K, reserved 1048576K

